<?xml version="1.0" encoding="UTF-8"?>
<testng-results ignored="0" total="1" passed="1" failed="0" skipped="0">
  <reporter-output>
  </reporter-output>
  <suite started-at="2024-03-20T01:25:39 IST" name="Default suite" finished-at="2024-03-20T01:27:53 IST" duration-ms="133503">
    <groups>
    </groups>
    <test started-at="2024-03-20T01:25:39 IST" name="Default test" finished-at="2024-03-20T01:27:53 IST" duration-ms="133503">
      <class name="testCases.ScriptDriver">
        <test-method signature="driverSetup(java.util.HashMap)[pri:0, instance:testCases.ScriptDriver@272113c4]" started-at="2024-03-20T01:25:39 IST" name="driverSetup" data-provider="ToolData" finished-at="2024-03-20T01:27:53 IST" duration-ms="133224" status="PASS">
          <params>
            <param index="0">
              <value>
                <![CDATA[{Laptop=apple macbook pro, ToRun=Yes, URL2=Users/ramkumars/eclipse-workspace/UIComparision/Amazontest.html, Value1=Welcome to selenium, Value2=Alexa Skills, Domain=amazon.in, URL=https://www.amazon.in}]]>
              </value>
            </param>
          </params>
          <reporter-output>
          </reporter-output>
        </test-method> <!-- driverSetup -->
      </class> <!-- testCases.ScriptDriver -->
    </test> <!-- Default test -->
  </suite> <!-- Default suite -->
</testng-results>
